<?xml version="1.0" encoding="UTF-8"?>
<!-- Generated by org.testng.reporters.JUnitReportReporter -->
<testsuite hostname="TL1061" failures="0" tests="3" name="testcases.CucumberRunner" time="37.730" errors="0" timestamp="2022-11-02T12:10:05 IST" skipped="0">
  <testcase classname="testcases.CucumberRunner" name="runScenario" time="16.785"/>
  <system-out/>
  <testcase classname="testcases.CucumberRunner" name="runScenario" time="13.584"/>
  <system-out/>
  <testcase classname="testcases.CucumberRunner" name="runScenario" time="7.361"/>
  <system-out/>
</testsuite> <!-- testcases.CucumberRunner -->
