<?xml version="1.0" encoding="UTF-8"?>
<!-- Generated by org.testng.reporters.JUnitReportReporter -->
<testsuite hostname="TL1061" failures="0" tests="2" name="testcases.RunCreateLead" time="39.198" errors="0" timestamp="2022-11-02T12:06:30 IST" skipped="0">
  <testcase classname="testcases.RunCreateLead" name="runLogin" time="22.949"/>
  <system-out/>
  <testcase classname="testcases.RunCreateLead" name="runLogin" time="16.249"/>
  <system-out/>
</testsuite> <!-- testcases.RunCreateLead -->
