<?xml version="1.0" encoding="UTF-8"?>
<!-- Generated by org.testng.reporters.JUnitReportReporter -->
<testsuite hostname="TL1061" failures="0" tests="1" name="testcases.RunLogin" time="11.164" errors="0" timestamp="2022-11-02T12:06:30 IST" skipped="0">
  <testcase classname="testcases.RunLogin" name="runLogin" time="11.164"/>
  <system-out/>
</testsuite> <!-- testcases.RunLogin -->
